**** Incremental Build [So, 22 Sep 2024 13:24:12] ****
 Project: solution
 Configuration: hwsw_codesign2019_aligned
 Build Target: Debug
********************************
C:\usr\xtensa\XtDevTools\install\tools\RF-2016.4-win32\XtensaTools\bin\xt-xcc -c -g -O0 -fmessage-length=0 -I "U:/HWSWCODESIGN/workspace/XtensaInfo/Models/hwsw_codesign2019_aligned.tdk" -I "U:/HWSWCODESIGN/workspace/solution" -DPROC_hwsw_codesign2019_aligned -DCONFIG_hwsw_codesign2019_aligned --xtensa-system=C:/usr/xtensa/XtDevTools/install/builds/RF-2016.4-win32/hwsw_codesign2019_aligned/config --xtensa-core=hwsw_codesign2019_aligned --xtensa-params=U:/HWSWCODESIGN/workspace/XtensaInfo/Models/hwsw_codesign2019_aligned.tdk "U:/HWSWCODESIGN/workspace/solution/main.c" -o "U:/HWSWCODESIGN/workspace/solution/bin/hwsw_codesign2019_aligned/Debug/main.o"
Time taken: 468 ms
C:\usr\xtensa\XtDevTools\install\tools\RF-2016.4-win32\XtensaTools\bin\xt-xc++ -Wl,@U:/HWSWCODESIGN/workspace/solution/bin/hwsw_codesign2019_aligned/Debug/objfiles.list -o U:/HWSWCODESIGN/workspace/solution/bin/hwsw_codesign2019_aligned/Debug/solution.minsize -mlsp=sim -Wl,-r -nostdlib --xtensa-system=C:/usr/xtensa/XtDevTools/install/builds/RF-2016.4-win32/hwsw_codesign2019_aligned/config --xtensa-core=hwsw_codesign2019_aligned --xtensa-params=U:/HWSWCODESIGN/workspace/XtensaInfo/Models/hwsw_codesign2019_aligned.tdk
Time taken: 235 ms
C:\usr\xtensa\XtDevTools\install\tools\RF-2016.4-win32\XtensaTools\bin\xt-xc++ -Wl,@U:/HWSWCODESIGN/workspace/solution/bin/hwsw_codesign2019_aligned/Debug/objfiles.list -o U:/HWSWCODESIGN/workspace/solution/bin/hwsw_codesign2019_aligned/Debug/solution -mlsp=sim --xtensa-system=C:/usr/xtensa/XtDevTools/install/builds/RF-2016.4-win32/hwsw_codesign2019_aligned/config --xtensa-core=hwsw_codesign2019_aligned --xtensa-params=U:/HWSWCODESIGN/workspace/XtensaInfo/Models/hwsw_codesign2019_aligned.tdk
Time taken: 422 ms
******* Code size summary *****
C:\usr\xtensa\XtDevTools\install\tools\RF-2016.4-win32\XtensaTools\bin\xt-size -C U:/HWSWCODESIGN/workspace/solution/bin/hwsw_codesign2019_aligned/Debug/solution
TYPE   	   text	 rodata	   data	    bss	    dec    hex	filename
code   	  49303	      0	      0	      0	  49303	   c097	U:/HWSWCODESIGN/workspace/solution/bin/hwsw_codesign2019_aligned/Debug/solution
literal	    952	      0	      0	      0	    952	    3b8	U:/HWSWCODESIGN/workspace/solution/bin/hwsw_codesign2019_aligned/Debug/solution
other  	   1608	   2188	   4672	    176	   8644	   21c4	U:/HWSWCODESIGN/workspace/solution/bin/hwsw_codesign2019_aligned/Debug/solution
Total  	  51863	   2188	   4672	    176	  58899	   e613	U:/HWSWCODESIGN/workspace/solution/bin/hwsw_codesign2019_aligned/Debug/solution
Time taken: 187 ms
******* ************** *****
Build successful !!
Total time taken: 2.078 secs
**** Build Finished [So, 22 Sep 2024 13:24:14] ****
