**** Incremental Build [So, 29 Sep 2024 19:24:35] ****
 Project: fft_final
 Configuration: hwsw_codesign2019_aligned
 Build Target: Debug
********************************
C:\usr\xtensa\XtDevTools\install\tools\RF-2016.4-win32\XtensaTools\bin\xt-xcc -c -g -O0 -fmessage-length=0 -I "U:/HWSWCODESIGN/workspace/XtensaInfo/Models/hwsw_codesign2019_aligned.tdk" -I "U:/HWSWCODESIGN/workspace/fft_final" -DPROC_hwsw_codesign2019_aligned -DCONFIG_hwsw_codesign2019_aligned --xtensa-system=C:/usr/xtensa/XtDevTools/install/builds/RF-2016.4-win32/hwsw_codesign2019_aligned/config --xtensa-core=hwsw_codesign2019_aligned --xtensa-params=U:/HWSWCODESIGN/workspace/XtensaInfo/Models/hwsw_codesign2019_aligned.tdk "U:/HWSWCODESIGN/workspace/fft_final/main.c" -o "U:/HWSWCODESIGN/workspace/fft_final/bin/hwsw_codesign2019_aligned/Debug/main.o"
Time taken: 922 ms
C:\usr\xtensa\XtDevTools\install\tools\RF-2016.4-win32\XtensaTools\bin\xt-xcc -c -g -O0 -fmessage-length=0 -I "U:/HWSWCODESIGN/workspace/XtensaInfo/Models/hwsw_codesign2019_aligned.tdk" -I "U:/HWSWCODESIGN/workspace/fft_final" -DPROC_hwsw_codesign2019_aligned -DCONFIG_hwsw_codesign2019_aligned --xtensa-system=C:/usr/xtensa/XtDevTools/install/builds/RF-2016.4-win32/hwsw_codesign2019_aligned/config --xtensa-core=hwsw_codesign2019_aligned --xtensa-params=U:/HWSWCODESIGN/workspace/XtensaInfo/Models/hwsw_codesign2019_aligned.tdk "U:/HWSWCODESIGN/workspace/fft_final/sinewave.c" -o "U:/HWSWCODESIGN/workspace/fft_final/bin/hwsw_codesign2019_aligned/Debug/sinewave.o"
Time taken: 1125 ms
C:\usr\xtensa\XtDevTools\install\tools\RF-2016.4-win32\XtensaTools\bin\xt-xcc -c -g -O0 -fmessage-length=0 -I "U:/HWSWCODESIGN/workspace/XtensaInfo/Models/hwsw_codesign2019_aligned.tdk" -I "U:/HWSWCODESIGN/workspace/fft_final" -DPROC_hwsw_codesign2019_aligned -DCONFIG_hwsw_codesign2019_aligned --xtensa-system=C:/usr/xtensa/XtDevTools/install/builds/RF-2016.4-win32/hwsw_codesign2019_aligned/config --xtensa-core=hwsw_codesign2019_aligned --xtensa-params=U:/HWSWCODESIGN/workspace/XtensaInfo/Models/hwsw_codesign2019_aligned.tdk "U:/HWSWCODESIGN/workspace/fft_final/fft_ref.c" -o "U:/HWSWCODESIGN/workspace/fft_final/bin/hwsw_codesign2019_aligned/Debug/fft_ref.o"
Time taken: 593 ms
C:\usr\xtensa\XtDevTools\install\tools\RF-2016.4-win32\XtensaTools\bin\xt-xcc -c -g -O0 -fmessage-length=0 -I "U:/HWSWCODESIGN/workspace/XtensaInfo/Models/hwsw_codesign2019_aligned.tdk" -I "U:/HWSWCODESIGN/workspace/fft_final" -DPROC_hwsw_codesign2019_aligned -DCONFIG_hwsw_codesign2019_aligned --xtensa-system=C:/usr/xtensa/XtDevTools/install/builds/RF-2016.4-win32/hwsw_codesign2019_aligned/config --xtensa-core=hwsw_codesign2019_aligned --xtensa-params=U:/HWSWCODESIGN/workspace/XtensaInfo/Models/hwsw_codesign2019_aligned.tdk "U:/HWSWCODESIGN/workspace/fft_final/fft_dit.c" -o "U:/HWSWCODESIGN/workspace/fft_final/bin/hwsw_codesign2019_aligned/Debug/fft_dit.o"
Time taken: 750 ms
C:\usr\xtensa\XtDevTools\install\tools\RF-2016.4-win32\XtensaTools\bin\xt-xcc -c -g -O0 -fmessage-length=0 -I "U:/HWSWCODESIGN/workspace/XtensaInfo/Models/hwsw_codesign2019_aligned.tdk" -I "U:/HWSWCODESIGN/workspace/fft_final" -DPROC_hwsw_codesign2019_aligned -DCONFIG_hwsw_codesign2019_aligned --xtensa-system=C:/usr/xtensa/XtDevTools/install/builds/RF-2016.4-win32/hwsw_codesign2019_aligned/config --xtensa-core=hwsw_codesign2019_aligned --xtensa-params=U:/HWSWCODESIGN/workspace/XtensaInfo/Models/hwsw_codesign2019_aligned.tdk "U:/HWSWCODESIGN/workspace/fft_final/fft_dif.c" -o "U:/HWSWCODESIGN/workspace/fft_final/bin/hwsw_codesign2019_aligned/Debug/fft_dif.o"
Time taken: 516 ms
C:\usr\xtensa\XtDevTools\install\tools\RF-2016.4-win32\XtensaTools\bin\xt-xc++ -Wl,@U:/HWSWCODESIGN/workspace/fft_final/bin/hwsw_codesign2019_aligned/Debug/objfiles.list -o U:/HWSWCODESIGN/workspace/fft_final/bin/hwsw_codesign2019_aligned/Debug/fft_final.minsize -mlsp=sim -Wl,-r -nostdlib --xtensa-system=C:/usr/xtensa/XtDevTools/install/builds/RF-2016.4-win32/hwsw_codesign2019_aligned/config --xtensa-core=hwsw_codesign2019_aligned --xtensa-params=U:/HWSWCODESIGN/workspace/XtensaInfo/Models/hwsw_codesign2019_aligned.tdk
Time taken: 297 ms
C:\usr\xtensa\XtDevTools\install\tools\RF-2016.4-win32\XtensaTools\bin\xt-xc++ -Wl,@U:/HWSWCODESIGN/workspace/fft_final/bin/hwsw_codesign2019_aligned/Debug/objfiles.list -o U:/HWSWCODESIGN/workspace/fft_final/bin/hwsw_codesign2019_aligned/Debug/fft_final -mlsp=sim --xtensa-system=C:/usr/xtensa/XtDevTools/install/builds/RF-2016.4-win32/hwsw_codesign2019_aligned/config --xtensa-core=hwsw_codesign2019_aligned --xtensa-params=U:/HWSWCODESIGN/workspace/XtensaInfo/Models/hwsw_codesign2019_aligned.tdk
Time taken: 656 ms
******* Code size summary *****
C:\usr\xtensa\XtDevTools\install\tools\RF-2016.4-win32\XtensaTools\bin\xt-size -C U:/HWSWCODESIGN/workspace/fft_final/bin/hwsw_codesign2019_aligned/Debug/fft_final
TYPE   	   text	 rodata	   data	    bss	    dec    hex	filename
code   	  49064	      0	      0	      0	  49064	   bfa8	U:/HWSWCODESIGN/workspace/fft_final/bin/hwsw_codesign2019_aligned/Debug/fft_final
literal	    936	      0	      0	      0	    936	    3a8	U:/HWSWCODESIGN/workspace/fft_final/bin/hwsw_codesign2019_aligned/Debug/fft_final
other  	   1599	   2044	   4640	    240	   8523	   214b	U:/HWSWCODESIGN/workspace/fft_final/bin/hwsw_codesign2019_aligned/Debug/fft_final
Total  	  51599	   2044	   4640	    240	  58523	   e49b	U:/HWSWCODESIGN/workspace/fft_final/bin/hwsw_codesign2019_aligned/Debug/fft_final
Time taken: 187 ms
******* ************** *****
Build successful !!
Total time taken: 4.875 secs
**** Build Finished [So, 29 Sep 2024 19:24:40] ****
