**** Incremental Build [So, 29 Sep 2024 18:56:39] ****
 Project: fft
 Configuration: hwsw2
 Build Target: Debug
********************************
C:\usr\xtensa\XtDevTools\install\tools\RF-2016.4-win32\XtensaTools\bin\xt-xcc -c -g -O0 -fmessage-length=0 -I "U:/HWSWCODESIGN/workspace/fft" -DPROC_hwsw2 -DCONFIG_hwsw2 --xtensa-system=C:/usr/xtensa/XtDevTools/install/builds/RF-2016.4-win32/hwsw_codesign2019_aligned/config --xtensa-core=hwsw_codesign2019_aligned --xtensa-params= "U:/HWSWCODESIGN/workspace/fft/main.c" -o "U:/HWSWCODESIGN/workspace/fft/bin/hwsw2/Debug/main.o"
Time taken: 546 ms
C:\usr\xtensa\XtDevTools\install\tools\RF-2016.4-win32\XtensaTools\bin\xt-xc++ -Wl,@U:/HWSWCODESIGN/workspace/fft/bin/hwsw2/Debug/objfiles.list -o U:/HWSWCODESIGN/workspace/fft/bin/hwsw2/Debug/fft.minsize -mlsp=sim -Wl,-r -nostdlib --xtensa-system=C:/usr/xtensa/XtDevTools/install/builds/RF-2016.4-win32/hwsw_codesign2019_aligned/config --xtensa-core=hwsw_codesign2019_aligned --xtensa-params=
Time taken: 297 ms
C:\usr\xtensa\XtDevTools\install\tools\RF-2016.4-win32\XtensaTools\bin\xt-xc++ -Wl,@U:/HWSWCODESIGN/workspace/fft/bin/hwsw2/Debug/objfiles.list -o U:/HWSWCODESIGN/workspace/fft/bin/hwsw2/Debug/fft -mlsp=sim --xtensa-system=C:/usr/xtensa/XtDevTools/install/builds/RF-2016.4-win32/hwsw_codesign2019_aligned/config --xtensa-core=hwsw_codesign2019_aligned --xtensa-params=
Time taken: 672 ms
******* Code size summary *****
C:\usr\xtensa\XtDevTools\install\tools\RF-2016.4-win32\XtensaTools\bin\xt-size -C U:/HWSWCODESIGN/workspace/fft/bin/hwsw2/Debug/fft
TYPE   	   text	 rodata	   data	    bss	    dec    hex	filename
code   	  43882	      0	      0	      0	  43882	   ab6a	U:/HWSWCODESIGN/workspace/fft/bin/hwsw2/Debug/fft
literal	    844	      0	      0	      0	    844	    34c	U:/HWSWCODESIGN/workspace/fft/bin/hwsw2/Debug/fft
other  	   1585	   1868	   4608	    144	   8205	   200d	U:/HWSWCODESIGN/workspace/fft/bin/hwsw2/Debug/fft
Total  	  46311	   1868	   4608	    144	  52931	   cec3	U:/HWSWCODESIGN/workspace/fft/bin/hwsw2/Debug/fft
Time taken: 172 ms
******* ************** *****
Build successful !!
Total time taken: 2.312 secs
**** Build Finished [So, 29 Sep 2024 18:56:41] ****
