**** Incremental Build [Di, 4 Jun 2024 22:31:33] ****
 Project: HelloWorld
 Configuration: hwsw_codesign2019_aligned
 Build Target: Debug
********************************

C:\usr\xtensa\XtDevTools\install\tools\RF-2016.4-win32\XtensaTools\bin\xt-xcc -c -g -O0 -fmessage-length=0 -DPROC_hwsw_codesign2019_aligned -DCONFIG_hwsw_codesign2019_aligned --xtensa-system=C:/usr/xtensa/XtDevTools/install/builds/RF-2016.4-win32/hwsw_codesign2019_aligned/config --xtensa-core=hwsw_codesign2019_aligned --xtensa-params= "U:/Albert/work_space/HelloWorld/main.c" -o "U:/Albert/work_space/HelloWorld/bin/hwsw_codesign2019_aligned/Debug/main.o" 
Time taken: 2500 ms 

C:\usr\xtensa\XtDevTools\install\tools\RF-2016.4-win32\XtensaTools\bin\xt-xc++ -Wl,@U:/Albert/work_space/HelloWorld/bin/hwsw_codesign2019_aligned/Debug/objfiles.list -o U:/Albert/work_space/HelloWorld/bin/hwsw_codesign2019_aligned/Debug/HelloWorld.minsize -mlsp=sim -Wl,-r -nostdlib --xtensa-system=C:/usr/xtensa/XtDevTools/install/builds/RF-2016.4-win32/hwsw_codesign2019_aligned/config --xtensa-core=hwsw_codesign2019_aligned --xtensa-params= 
Time taken: 329 ms 

C:\usr\xtensa\XtDevTools\install\tools\RF-2016.4-win32\XtensaTools\bin\xt-xc++ -Wl,@U:/Albert/work_space/HelloWorld/bin/hwsw_codesign2019_aligned/Debug/objfiles.list -o U:/Albert/work_space/HelloWorld/bin/hwsw_codesign2019_aligned/Debug/HelloWorld -mlsp=sim --xtensa-system=C:/usr/xtensa/XtDevTools/install/builds/RF-2016.4-win32/hwsw_codesign2019_aligned/config --xtensa-core=hwsw_codesign2019_aligned --xtensa-params= 
Time taken: 641 ms 

******* Code size summary *****

C:\usr\xtensa\XtDevTools\install\tools\RF-2016.4-win32\XtensaTools\bin\xt-size -C U:/Albert/work_space/HelloWorld/bin/hwsw_codesign2019_aligned/Debug/HelloWorld 
TYPE   	   text	 rodata	   data	    bss	    dec    hex	filename
code   	  36639	      0	      0	      0	  36639	   8f1f	U:/Albert/work_space/HelloWorld/bin/hwsw_codesign2019_aligned/Debug/HelloWorld
literal	    536	      0	      0	      0	    536	    218	U:/Albert/work_space/HelloWorld/bin/hwsw_codesign2019_aligned/Debug/HelloWorld
other  	   1368	   1356	   2544	    112	   5380	   1504	U:/Albert/work_space/HelloWorld/bin/hwsw_codesign2019_aligned/Debug/HelloWorld
Total  	  38543	   1356	   2544	    112	  42555	   a63b	U:/Albert/work_space/HelloWorld/bin/hwsw_codesign2019_aligned/Debug/HelloWorld

Time taken: 281 ms 

******* ************** *****

Build successful !!
Total time taken: 4.422 secs
**** Build Finished [Di, 4 Jun 2024 22:31:37] ****
**** Incremental Build [Di, 4 Jun 2024 22:32:14] ****
 Project: HelloWorld
 Configuration: hwsw_codesign2019_aligned
 Build Target: Debug
********************************

Nothing to build.
Total time taken: 0.016 secs
**** Build Finished [Di, 4 Jun 2024 22:32:14] ****
**** Incremental Build [Di, 4 Jun 2024 22:32:28] ****
 Project: HelloWorld
 Configuration: hwsw_codesign2019_aligned
 Build Target: Debug
********************************

Nothing to build.
Total time taken: 0.031 secs
**** Build Finished [Di, 4 Jun 2024 22:32:28] ****
**** Incremental Build [Di, 4 Jun 2024 22:55:24] ****
 Project: HelloWorld
 Configuration: hwsw_codesign2019_aligned
 Build Target: Debug
********************************

Nothing to build.
Total time taken: 0.015 secs
**** Build Finished [Di, 4 Jun 2024 22:55:24] ****
**** Incremental Build [Mi, 5 Jun 2024 01:39:45] ****
 Project: HelloWorld
 Configuration: hwsw_codesign2019_aligned
 Build Target: Debug
********************************

C:\usr\xtensa\XtDevTools\install\tools\RF-2016.4-win32\XtensaTools\bin\xt-xcc -c -g -O3 -fmessage-length=0 -DPROC_hwsw_codesign2019_aligned -DCONFIG_hwsw_codesign2019_aligned --xtensa-system=C:/usr/xtensa/XtDevTools/install/builds/RF-2016.4-win32/hwsw_codesign2019_aligned/config --xtensa-core=hwsw_codesign2019_aligned --xtensa-params= "U:/Albert/work_space/HelloWorld/main.c" -o "U:/Albert/work_space/HelloWorld/bin/hwsw_codesign2019_aligned/Debug/main.o" 
Time taken: 844 ms 

C:\usr\xtensa\XtDevTools\install\tools\RF-2016.4-win32\XtensaTools\bin\xt-xc++ -Wl,@U:/Albert/work_space/HelloWorld/bin/hwsw_codesign2019_aligned/Debug/objfiles.list -o U:/Albert/work_space/HelloWorld/bin/hwsw_codesign2019_aligned/Debug/HelloWorld.minsize -mlsp=sim -Wl,-r -nostdlib --xtensa-system=C:/usr/xtensa/XtDevTools/install/builds/RF-2016.4-win32/hwsw_codesign2019_aligned/config --xtensa-core=hwsw_codesign2019_aligned --xtensa-params= 
Time taken: 219 ms 

C:\usr\xtensa\XtDevTools\install\tools\RF-2016.4-win32\XtensaTools\bin\xt-xc++ -Wl,@U:/Albert/work_space/HelloWorld/bin/hwsw_codesign2019_aligned/Debug/objfiles.list -o U:/Albert/work_space/HelloWorld/bin/hwsw_codesign2019_aligned/Debug/HelloWorld -mlsp=sim --xtensa-system=C:/usr/xtensa/XtDevTools/install/builds/RF-2016.4-win32/hwsw_codesign2019_aligned/config --xtensa-core=hwsw_codesign2019_aligned --xtensa-params= 
Time taken: 469 ms 

******* Code size summary *****

C:\usr\xtensa\XtDevTools\install\tools\RF-2016.4-win32\XtensaTools\bin\xt-size -C U:/Albert/work_space/HelloWorld/bin/hwsw_codesign2019_aligned/Debug/HelloWorld 
TYPE   	   text	 rodata	   data	    bss	    dec    hex	filename
code   	  36635	      0	      0	      0	  36635	   8f1b	U:/Albert/work_space/HelloWorld/bin/hwsw_codesign2019_aligned/Debug/HelloWorld
literal	    536	      0	      0	      0	    536	    218	U:/Albert/work_space/HelloWorld/bin/hwsw_codesign2019_aligned/Debug/HelloWorld
other  	   1364	   1356	   2544	    112	   5376	   1500	U:/Albert/work_space/HelloWorld/bin/hwsw_codesign2019_aligned/Debug/HelloWorld
Total  	  38535	   1356	   2544	    112	  42547	   a633	U:/Albert/work_space/HelloWorld/bin/hwsw_codesign2019_aligned/Debug/HelloWorld

Time taken: 125 ms 

******* ************** *****

Build successful !!
Total time taken: 2.219 secs
**** Build Finished [Mi, 5 Jun 2024 01:39:47] ****
**** Incremental Build [Mi, 5 Jun 2024 01:41:12] ****
 Project: HelloWorld
 Configuration: hwsw_codesign2019_aligned
 Build Target: Debug
********************************

C:\usr\xtensa\XtDevTools\install\tools\RF-2016.4-win32\XtensaTools\bin\xt-xcc -c -g -O0 -fmessage-length=0 -DPROC_hwsw_codesign2019_aligned -DCONFIG_hwsw_codesign2019_aligned --xtensa-system=C:/usr/xtensa/XtDevTools/install/builds/RF-2016.4-win32/hwsw_codesign2019_aligned/config --xtensa-core=hwsw_codesign2019_aligned --xtensa-params= "U:/Albert/work_space/HelloWorld/main.c" -o "U:/Albert/work_space/HelloWorld/bin/hwsw_codesign2019_aligned/Debug/main.o" 
Time taken: 688 ms 

C:\usr\xtensa\XtDevTools\install\tools\RF-2016.4-win32\XtensaTools\bin\xt-xc++ -Wl,@U:/Albert/work_space/HelloWorld/bin/hwsw_codesign2019_aligned/Debug/objfiles.list -o U:/Albert/work_space/HelloWorld/bin/hwsw_codesign2019_aligned/Debug/HelloWorld.minsize -mlsp=sim -Wl,-r -nostdlib --xtensa-system=C:/usr/xtensa/XtDevTools/install/builds/RF-2016.4-win32/hwsw_codesign2019_aligned/config --xtensa-core=hwsw_codesign2019_aligned --xtensa-params= 
Time taken: 219 ms 

C:\usr\xtensa\XtDevTools\install\tools\RF-2016.4-win32\XtensaTools\bin\xt-xc++ -Wl,@U:/Albert/work_space/HelloWorld/bin/hwsw_codesign2019_aligned/Debug/objfiles.list -o U:/Albert/work_space/HelloWorld/bin/hwsw_codesign2019_aligned/Debug/HelloWorld -mlsp=sim --xtensa-system=C:/usr/xtensa/XtDevTools/install/builds/RF-2016.4-win32/hwsw_codesign2019_aligned/config --xtensa-core=hwsw_codesign2019_aligned --xtensa-params= 
Time taken: 422 ms 

******* Code size summary *****

C:\usr\xtensa\XtDevTools\install\tools\RF-2016.4-win32\XtensaTools\bin\xt-size -C U:/Albert/work_space/HelloWorld/bin/hwsw_codesign2019_aligned/Debug/HelloWorld 
TYPE   	   text	 rodata	   data	    bss	    dec    hex	filename
code   	  36639	      0	      0	      0	  36639	   8f1f	U:/Albert/work_space/HelloWorld/bin/hwsw_codesign2019_aligned/Debug/HelloWorld
literal	    536	      0	      0	      0	    536	    218	U:/Albert/work_space/HelloWorld/bin/hwsw_codesign2019_aligned/Debug/HelloWorld
other  	   1368	   1356	   2544	    112	   5380	   1504	U:/Albert/work_space/HelloWorld/bin/hwsw_codesign2019_aligned/Debug/HelloWorld
Total  	  38543	   1356	   2544	    112	  42555	   a63b	U:/Albert/work_space/HelloWorld/bin/hwsw_codesign2019_aligned/Debug/HelloWorld

Time taken: 125 ms 

******* ************** *****

Build successful !!
Total time taken: 2.078 secs
**** Build Finished [Mi, 5 Jun 2024 01:41:14] ****
